# JRE version: OpenJDK Runtime Environment Temurin-21.0.9+10 (21.0.9+10) (build 21.0.9+10-LTS)
# Java VM: OpenJDK 64-Bit Server VM Temurin-21.0.9+10 (21.0.9+10-LTS, mixed mode, sharing, tiered, compressed oops, compressed class ptrs, parallel gc, windows-amd64)
GC Precious Log:
 CardTable entry size: 512
 CPUs: 4 total, 4 available
 Memory: 8072M
 Large Page Support: Disabled
 NUMA Support: Disabled
 Compressed Oops: Enabled (32-bit)
 Alignments: Space 512K, Generation 512K, Heap 2M
 Heap Min Capacity: 100M
 Heap Initial Capacity: 100M
 Heap Max Capacity: 2G
 Pre-touch: Disabled
 Parallel Workers: 4
Heap:
 PSYoungGen      total 8704K, used 8704K [0x00000000d5580000, 0x00000000d6780000, 0x0000000100000000)
  eden space 7168K, 100% used [0x00000000d5580000,0x00000000d5c80000,0x00000000d5c80000)
  from space 1536K, 100% used [0x00000000d6100000,0x00000000d6280000,0x00000000d6280000)
  to   space 5120K, 20% used [0x00000000d6280000,0x00000000d638a010,0x00000000d6780000)
 ParOldGen       total 1123840K, used 1123364K [0x0000000080000000, 0x00000000c4980000, 0x00000000d5580000)
  object space 1123840K, 99% used [0x0000000080000000,0x00000000c49092d0,0x00000000c4980000)
 Metaspace       used 99740K, committed 101504K, reserved 1179648K
  class space    used 10313K, committed 11072K, reserved 1048576K
GC Heap History (20 events):
Event: 42732.108 GC heap after
{Heap after GC invocations=2223 (full 6):
 PSYoungGen      total 11776K, used 2401K [0x00000000d5580000, 0x00000000d6980000, 0x0000000100000000)
  eden space 9216K, 0% used [0x00000000d5580000,0x00000000d5580000,0x00000000d5e80000)
  from space 2560K, 93% used [0x00000000d5e80000,0x00000000d60d8540,0x00000000d6100000)
  to   space 4608K, 0% used [0x00000000d6500000,0x00000000d6500000,0x00000000d6980000)
 ParOldGen       total 1073664K, used 1073601K [0x0000000080000000, 0x00000000c1880000, 0x00000000d5580000)
  object space 1073664K, 99% used [0x0000000080000000,0x00000000c18707a0,0x00000000c1880000)
 Metaspace       used 99691K, committed 101440K, reserved 1179648K
  class space    used 10313K, committed 11072K, reserved 1048576K
}
Event: 42732.184 GC heap before
{Heap before GC invocations=2224 (full 6):
 PSYoungGen      total 11776K, used 11617K [0x00000000d5580000, 0x00000000d6980000, 0x0000000100000000)
  eden space 9216K, 100% used [0x00000000d5580000,0x00000000d5e80000,0x00000000d5e80000)
  from space 2560K, 93% used [0x00000000d5e80000,0x00000000d60d8540,0x00000000d6100000)
  to   space 4608K, 0% used [0x00000000d6500000,0x00000000d6500000,0x00000000d6980000)
 ParOldGen       total 1073664K, used 1073601K [0x0000000080000000, 0x00000000c1880000, 0x00000000d5580000)
  object space 1073664K, 99% used [0x0000000080000000,0x00000000c18707a0,0x00000000c1880000)
 Metaspace       used 99697K, committed 101440K, reserved 1179648K
  class space    used 10313K, committed 11072K, reserved 1048576K
}
Event: 42732.196 GC heap after
{Heap after GC invocations=2224 (full 6):
 PSYoungGen      total 11776K, used 4583K [0x00000000d5580000, 0x00000000d7180000, 0x0000000100000000)
  eden space 7168K, 0% used [0x00000000d5580000,0x00000000d5580000,0x00000000d5c80000)
  from space 4608K, 99% used [0x00000000d6500000,0x00000000d6979f78,0x00000000d6980000)
  to   space 8704K, 0% used [0x00000000d5c80000,0x00000000d5c80000,0x00000000d6500000)
 ParOldGen       total 1076736K, used 1076361K [0x0000000080000000, 0x00000000c1b80000, 0x00000000d5580000)
  object space 1076736K, 99% used [0x0000000080000000,0x00000000c1b22698,0x00000000c1b80000)
 Metaspace       used 99697K, committed 101440K, reserved 1179648K
  class space    used 10313K, committed 11072K, reserved 1048576K
}
Event: 42732.243 GC heap before
{Heap before GC invocations=2225 (full 6):
 PSYoungGen      total 11776K, used 11751K [0x00000000d5580000, 0x00000000d7180000, 0x0000000100000000)
  eden space 7168K, 100% used [0x00000000d5580000,0x00000000d5c80000,0x00000000d5c80000)
  from space 4608K, 99% used [0x00000000d6500000,0x00000000d6979f78,0x00000000d6980000)
  to   space 8704K, 0% used [0x00000000d5c80000,0x00000000d5c80000,0x00000000d6500000)
 ParOldGen       total 1076736K, used 1076361K [0x0000000080000000, 0x00000000c1b80000, 0x00000000d5580000)
  object space 1076736K, 99% used [0x0000000080000000,0x00000000c1b22698,0x00000000c1b80000)
 Metaspace       used 99713K, committed 101440K, reserved 1179648K
  class space    used 10313K, committed 11072K, reserved 1048576K
}
Event: 42732.260 GC heap after
{Heap after GC invocations=2225 (full 6):
 PSYoungGen      total 13312K, used 5824K [0x00000000d5580000, 0x00000000d6b00000, 0x0000000100000000)
  eden space 7168K, 0% used [0x00000000d5580000,0x00000000d5580000,0x00000000d5c80000)
  from space 6144K, 94% used [0x00000000d5c80000,0x00000000d6230000,0x00000000d6280000)
  to   space 6656K, 0% used [0x00000000d6480000,0x00000000d6480000,0x00000000d6b00000)
 ParOldGen       total 1079296K, used 1078905K [0x0000000080000000, 0x00000000c1e00000, 0x00000000d5580000)
  object space 1079296K, 99% used [0x0000000080000000,0x00000000c1d9e7e8,0x00000000c1e00000)
 Metaspace       used 99713K, committed 101440K, reserved 1179648K
  class space    used 10313K, committed 11072K, reserved 1048576K
}
Event: 42732.669 GC heap before
{Heap before GC invocations=2226 (full 6):
 PSYoungGen      total 13312K, used 12992K [0x00000000d5580000, 0x00000000d6b00000, 0x0000000100000000)
  eden space 7168K, 100% used [0x00000000d5580000,0x00000000d5c80000,0x00000000d5c80000)
  from space 6144K, 94% used [0x00000000d5c80000,0x00000000d6230000,0x00000000d6280000)
  to   space 6656K, 0% used [0x00000000d6480000,0x00000000d6480000,0x00000000d6b00000)
 ParOldGen       total 1111040K, used 1109626K [0x0000000080000000, 0x00000000c3d00000, 0x00000000d5580000)
  object space 1111040K, 99% used [0x0000000080000000,0x00000000c3b9e818,0x00000000c3d00000)
 Metaspace       used 99724K, committed 101504K, reserved 1179648K
  class space    used 10313K, committed 11072K, reserved 1048576K
}
Event: 42732.691 GC heap after
{Heap after GC invocations=2226 (full 6):
 PSYoungGen      total 9216K, used 2010K [0x00000000d5580000, 0x00000000d6680000, 0x0000000100000000)
  eden space 7168K, 0% used [0x00000000d5580000,0x00000000d5580000,0x00000000d5c80000)
  from space 2048K, 98% used [0x00000000d6480000,0x00000000d6676900,0x00000000d6680000)
  to   space 3584K, 0% used [0x00000000d5f80000,0x00000000d5f80000,0x00000000d6300000)
 ParOldGen       total 1115136K, used 1114866K [0x0000000080000000, 0x00000000c4100000, 0x00000000d5580000)
  object space 1115136K, 99% used [0x0000000080000000,0x00000000c40bc818,0x00000000c4100000)
 Metaspace       used 99724K, committed 101504K, reserved 1179648K
  class space    used 10313K, committed 11072K, reserved 1048576K
}
Event: 42732.838 GC heap before
{Heap before GC invocations=2227 (full 6):
 PSYoungGen      total 9216K, used 9178K [0x00000000d5580000, 0x00000000d6680000, 0x0000000100000000)
  eden space 7168K, 100% used [0x00000000d5580000,0x00000000d5c80000,0x00000000d5c80000)
  from space 2048K, 98% used [0x00000000d6480000,0x00000000d6676900,0x00000000d6680000)
  to   space 3584K, 0% used [0x00000000d5f80000,0x00000000d5f80000,0x00000000d6300000)
 ParOldGen       total 1115136K, used 1114866K [0x0000000080000000, 0x00000000c4100000, 0x00000000d5580000)
  object space 1115136K, 99% used [0x0000000080000000,0x00000000c40bc818,0x00000000c4100000)
 Metaspace       used 99724K, committed 101504K, reserved 1179648K
  class space    used 10313K, committed 11072K, reserved 1048576K
}
Event: 42732.845 GC heap after
{Heap after GC invocations=2227 (full 6):
 PSYoungGen      total 10752K, used 672K [0x00000000d5580000, 0x00000000d6500000, 0x0000000100000000)
  eden space 7168K, 0% used [0x00000000d5580000,0x00000000d5580000,0x00000000d5c80000)
  from space 3584K, 18% used [0x00000000d5f80000,0x00000000d6028000,0x00000000d6300000)
  to   space 1536K, 0% used [0x00000000d6380000,0x00000000d6380000,0x00000000d6500000)
 ParOldGen       total 1117184K, used 1116814K [0x0000000080000000, 0x00000000c4300000, 0x00000000d5580000)
  object space 1117184K, 99% used [0x0000000080000000,0x00000000c42a3a18,0x00000000c4300000)
 Metaspace       used 99724K, committed 101504K, reserved 1179648K
  class space    used 10313K, committed 11072K, reserved 1048576K
}
Event: 42732.892 GC heap before
{Heap before GC invocations=2228 (full 6):
 PSYoungGen      total 10752K, used 7840K [0x00000000d5580000, 0x00000000d6500000, 0x0000000100000000)
  eden space 7168K, 100% used [0x00000000d5580000,0x00000000d5c80000,0x00000000d5c80000)
  from space 3584K, 18% used [0x00000000d5f80000,0x00000000d6028000,0x00000000d6300000)
  to   space 1536K, 0% used [0x00000000d6380000,0x00000000d6380000,0x00000000d6500000)
 ParOldGen       total 1117184K, used 1116814K [0x0000000080000000, 0x00000000c4300000, 0x00000000d5580000)
  object space 1117184K, 99% used [0x0000000080000000,0x00000000c42a3a18,0x00000000c4300000)
 Metaspace       used 99724K, committed 101504K, reserved 1179648K
  class space    used 10313K, committed 11072K, reserved 1048576K
}
Event: 42732.897 GC heap after
{Heap after GC invocations=2228 (full 6):
 PSYoungGen      total 8192K, used 544K [0x00000000d5580000, 0x00000000d6480000, 0x0000000100000000)
  eden space 7168K, 0% used [0x00000000d5580000,0x00000000d5580000,0x00000000d5c80000)
  from space 1024K, 53% used [0x00000000d6380000,0x00000000d6408000,0x00000000d6480000)
  to   space 1024K, 0% used [0x00000000d6280000,0x00000000d6280000,0x00000000d6380000)
 ParOldGen       total 1117696K, used 1117415K [0x0000000080000000, 0x00000000c4380000, 0x00000000d5580000)
  object space 1117696K, 99% used [0x0000000080000000,0x00000000c4339e20,0x00000000c4380000)
 Metaspace       used 99724K, committed 101504K, reserved 1179648K
  class space    used 10313K, committed 11072K, reserved 1048576K
}
Event: 42733.636 GC heap before
{Heap before GC invocations=2229 (full 6):
 PSYoungGen      total 8192K, used 7711K [0x00000000d5580000, 0x00000000d6480000, 0x0000000100000000)
  eden space 7168K, 99% used [0x00000000d5580000,0x00000000d5c7fd00,0x00000000d5c80000)
  from space 1024K, 53% used [0x00000000d6380000,0x00000000d6408000,0x00000000d6480000)
  to   space 1024K, 0% used [0x00000000d6280000,0x00000000d6280000,0x00000000d6380000)
 ParOldGen       total 1117696K, used 1117415K [0x0000000080000000, 0x00000000c4380000, 0x00000000d5580000)
  object space 1117696K, 99% used [0x0000000080000000,0x00000000c4339e20,0x00000000c4380000)
 Metaspace       used 99738K, committed 101504K, reserved 1179648K
  class space    used 10313K, committed 11072K, reserved 1048576K
}
Event: 42733.641 GC heap after
{Heap after GC invocations=2229 (full 6):
 PSYoungGen      total 8192K, used 708K [0x00000000d5580000, 0x00000000d6400000, 0x0000000100000000)
  eden space 7168K, 0% used [0x00000000d5580000,0x00000000d5580000,0x00000000d5c80000)
  from space 1024K, 69% used [0x00000000d6280000,0x00000000d6331100,0x00000000d6380000)
  to   space 512K, 0% used [0x00000000d6380000,0x00000000d6380000,0x00000000d6400000)
 ParOldGen       total 1118208K, used 1117866K [0x0000000080000000, 0x00000000c4400000, 0x00000000d5580000)
  object space 1118208K, 99% used [0x0000000080000000,0x00000000c43aabc8,0x00000000c4400000)
 Metaspace       used 99738K, committed 101504K, reserved 1179648K
  class space    used 10313K, committed 11072K, reserved 1048576K
}
Event: 42734.003 GC heap before
{Heap before GC invocations=2230 (full 6):
 PSYoungGen      total 8192K, used 7876K [0x00000000d5580000, 0x00000000d6400000, 0x0000000100000000)
  eden space 7168K, 100% used [0x00000000d5580000,0x00000000d5c80000,0x00000000d5c80000)
  from space 1024K, 69% used [0x00000000d6280000,0x00000000d6331100,0x00000000d6380000)
  to   space 512K, 0% used [0x00000000d6380000,0x00000000d6380000,0x00000000d6400000)
 ParOldGen       total 1118208K, used 1117866K [0x0000000080000000, 0x00000000c4400000, 0x00000000d5580000)
  object space 1118208K, 99% used [0x0000000080000000,0x00000000c43aabc8,0x00000000c4400000)
 Metaspace       used 99739K, committed 101504K, reserved 1179648K
  class space    used 10313K, committed 11072K, reserved 1048576K
}
Event: 42734.012 GC heap after
{Heap after GC invocations=2230 (full 6):
 PSYoungGen      total 7680K, used 495K [0x00000000d5580000, 0x00000000d6400000, 0x0000000100000000)
  eden space 7168K, 0% used [0x00000000d5580000,0x00000000d5580000,0x00000000d5c80000)
  from space 512K, 96% used [0x00000000d6380000,0x00000000d63fbd00,0x00000000d6400000)
  to   space 1536K, 0% used [0x00000000d6100000,0x00000000d6100000,0x00000000d6280000)
 ParOldGen       total 1118720K, used 1118717K [0x0000000080000000, 0x00000000c4480000, 0x00000000d5580000)
  object space 1118720K, 99% used [0x0000000080000000,0x00000000c447f5d0,0x00000000c4480000)
 Metaspace       used 99739K, committed 101504K, reserved 1179648K
  class space    used 10313K, committed 11072K, reserved 1048576K
}
Event: 42734.048 GC heap before
{Heap before GC invocations=2231 (full 6):
 PSYoungGen      total 7680K, used 7663K [0x00000000d5580000, 0x00000000d6400000, 0x0000000100000000)
  eden space 7168K, 100% used [0x00000000d5580000,0x00000000d5c80000,0x00000000d5c80000)
  from space 512K, 96% used [0x00000000d6380000,0x00000000d63fbd00,0x00000000d6400000)
  to   space 1536K, 0% used [0x00000000d6100000,0x00000000d6100000,0x00000000d6280000)
 ParOldGen       total 1118720K, used 1118717K [0x0000000080000000, 0x00000000c4480000, 0x00000000d5580000)
  object space 1118720K, 99% used [0x0000000080000000,0x00000000c447f5d0,0x00000000c4480000)
 Metaspace       used 99739K, committed 101504K, reserved 1179648K
  class space    used 10313K, committed 11072K, reserved 1048576K
}
Event: 42734.073 GC heap after
{Heap after GC invocations=2231 (full 6):
 PSYoungGen      total 8704K, used 1536K [0x00000000d5580000, 0x00000000d6780000, 0x0000000100000000)
  eden space 7168K, 0% used [0x00000000d5580000,0x00000000d5580000,0x00000000d5c80000)
  from space 1536K, 100% used [0x00000000d6100000,0x00000000d6280000,0x00000000d6280000)
  to   space 5120K, 0% used [0x00000000d6280000,0x00000000d6280000,0x00000000d6780000)
 ParOldGen       total 1122304K, used 1121948K [0x0000000080000000, 0x00000000c4800000, 0x00000000d5580000)
  object space 1122304K, 99% used [0x0000000080000000,0x00000000c47a72d0,0x00000000c4800000)
 Metaspace       used 99739K, committed 101504K, reserved 1179648K
  class space    used 10313K, committed 11072K, reserved 1048576K
}
Event: 42734.102 GC heap before
{Heap before GC invocations=2232 (full 6):
 PSYoungGen      total 8704K, used 8704K [0x00000000d5580000, 0x00000000d6780000, 0x0000000100000000)
  eden space 7168K, 100% used [0x00000000d5580000,0x00000000d5c80000,0x00000000d5c80000)
  from space 1536K, 100% used [0x00000000d6100000,0x00000000d6280000,0x00000000d6280000)
  to   space 5120K, 0% used [0x00000000d6280000,0x00000000d6280000,0x00000000d6780000)
 ParOldGen       total 1122304K, used 1121948K [0x0000000080000000, 0x00000000c4800000, 0x00000000d5580000)
  object space 1122304K, 99% used [0x0000000080000000,0x00000000c47a72d0,0x00000000c4800000)
 Metaspace       used 99740K, committed 101504K, reserved 1179648K
  class space    used 10313K, committed 11072K, reserved 1048576K
}
Event: 42734.126 GC heap after
{Heap after GC invocations=2232 (full 6):
 PSYoungGen      total 8704K, used 8704K [0x00000000d5580000, 0x00000000d6780000, 0x0000000100000000)
  eden space 7168K, 100% used [0x00000000d5580000,0x00000000d5c80000,0x00000000d5c80000)
  from space 1536K, 100% used [0x00000000d6100000,0x00000000d6280000,0x00000000d6280000)
  to   space 5120K, 20% used [0x00000000d6280000,0x00000000d638a010,0x00000000d6780000)
 ParOldGen       total 1123840K, used 1123364K [0x0000000080000000, 0x00000000c4980000, 0x00000000d5580000)
  object space 1123840K, 99% used [0x0000000080000000,0x00000000c49092d0,0x00000000c4980000)
 Metaspace       used 99740K, committed 101504K, reserved 1179648K
  class space    used 10313K, committed 11072K, reserved 1048576K
}
Event: 42734.127 GC heap before
{Heap before GC invocations=2233 (full 7):
 PSYoungGen      total 8704K, used 8704K [0x00000000d5580000, 0x00000000d6780000, 0x0000000100000000)
  eden space 7168K, 100% used [0x00000000d5580000,0x00000000d5c80000,0x00000000d5c80000)
  from space 1536K, 100% used [0x00000000d6100000,0x00000000d6280000,0x00000000d6280000)
  to   space 5120K, 20% used [0x00000000d6280000,0x00000000d638a010,0x00000000d6780000)
 ParOldGen       total 1123840K, used 1123364K [0x0000000080000000, 0x00000000c4980000, 0x00000000d5580000)
  object space 1123840K, 99% used [0x0000000080000000,0x00000000c49092d0,0x00000000c4980000)
 Metaspace       used 99740K, committed 101504K, reserved 1179648K
  class space    used 10313K, committed 11072K, reserved 1048576K
}

