# JRE version: OpenJDK Runtime Environment Temurin-21.0.8+9 (21.0.8+9) (build 21.0.8+9-LTS)
# Java VM: OpenJDK 64-Bit Server VM Temurin-21.0.8+9 (21.0.8+9-LTS, mixed mode, sharing, tiered, compressed oops, compressed class ptrs, parallel gc, windows-amd64)
GC Precious Log:
 CardTable entry size: 512
 CPUs: 4 total, 4 available
 Memory: 8072M
 Large Page Support: Disabled
 NUMA Support: Disabled
 Compressed Oops: Enabled (32-bit)
 Alignments: Space 512K, Generation 512K, Heap 2M
 Heap Min Capacity: 100M
 Heap Initial Capacity: 100M
 Heap Max Capacity: 2G
 Pre-touch: Disabled
 Parallel Workers: 4
Heap:
 PSYoungGen      total 8704K, used 4188K [0x00000000d5580000, 0x00000000d6300000, 0x0000000100000000)
  eden space 5632K, 19% used [0x00000000d5580000,0x00000000d5697ef8,0x00000000d5b00000)
  from space 3072K, 99% used [0x00000000d5b00000,0x00000000d5dff4e8,0x00000000d5e00000)
  to   space 4096K, 0% used [0x00000000d5f00000,0x00000000d5f00000,0x00000000d6300000)
 ParOldGen       total 88576K, used 62811K [0x0000000080000000, 0x0000000085680000, 0x00000000d5580000)
  object space 88576K, 70% used [0x0000000080000000,0x0000000083d56d10,0x0000000085680000)
 Metaspace       used 68159K, committed 69824K, reserved 1114112K
  class space    used 7295K, committed 8064K, reserved 1048576K
GC Heap History (20 events):
Event: 60.080 GC heap before
{Heap before GC invocations=97 (full 3):
 PSYoungGen      total 9728K, used 9317K [0x00000000d5580000, 0x00000000d6000000, 0x0000000100000000)
  eden space 8704K, 100% used [0x00000000d5580000,0x00000000d5e00000,0x00000000d5e00000)
  from space 1024K, 59% used [0x00000000d5e80000,0x00000000d5f19758,0x00000000d5f80000)
  to   space 512K, 0% used [0x00000000d5f80000,0x00000000d5f80000,0x00000000d6000000)
 ParOldGen       total 102912K, used 102421K [0x0000000080000000, 0x0000000086480000, 0x00000000d5580000)
  object space 102912K, 99% used [0x0000000080000000,0x00000000864056e0,0x0000000086480000)
 Metaspace       used 67916K, committed 69504K, reserved 1114112K
  class space    used 7270K, committed 8000K, reserved 1048576K
}
Event: 60.083 GC heap after
{Heap after GC invocations=97 (full 3):
 PSYoungGen      total 8704K, used 512K [0x00000000d5580000, 0x00000000d6200000, 0x0000000100000000)
  eden space 8192K, 0% used [0x00000000d5580000,0x00000000d5580000,0x00000000d5d80000)
  from space 512K, 100% used [0x00000000d5f80000,0x00000000d6000000,0x00000000d6000000)
  to   space 2048K, 0% used [0x00000000d5d80000,0x00000000d5d80000,0x00000000d5f80000)
 ParOldGen       total 103936K, used 103466K [0x0000000080000000, 0x0000000086580000, 0x00000000d5580000)
  object space 103936K, 99% used [0x0000000080000000,0x000000008650aa10,0x0000000086580000)
 Metaspace       used 67916K, committed 69504K, reserved 1114112K
  class space    used 7270K, committed 8000K, reserved 1048576K
}
Event: 60.179 GC heap before
{Heap before GC invocations=98 (full 3):
 PSYoungGen      total 8704K, used 8704K [0x00000000d5580000, 0x00000000d6200000, 0x0000000100000000)
  eden space 8192K, 100% used [0x00000000d5580000,0x00000000d5d80000,0x00000000d5d80000)
  from space 512K, 100% used [0x00000000d5f80000,0x00000000d6000000,0x00000000d6000000)
  to   space 2048K, 0% used [0x00000000d5d80000,0x00000000d5d80000,0x00000000d5f80000)
 ParOldGen       total 103936K, used 103466K [0x0000000080000000, 0x0000000086580000, 0x00000000d5580000)
  object space 103936K, 99% used [0x0000000080000000,0x000000008650aa10,0x0000000086580000)
 Metaspace       used 67918K, committed 69504K, reserved 1114112K
  class space    used 7270K, committed 8000K, reserved 1048576K
}
Event: 60.182 GC heap after
{Heap after GC invocations=98 (full 3):
 PSYoungGen      total 9216K, used 982K [0x00000000d5580000, 0x00000000d6080000, 0x0000000100000000)
  eden space 8192K, 0% used [0x00000000d5580000,0x00000000d5580000,0x00000000d5d80000)
  from space 1024K, 95% used [0x00000000d5d80000,0x00000000d5e75808,0x00000000d5e80000)
  to   space 1536K, 0% used [0x00000000d5f00000,0x00000000d5f00000,0x00000000d6080000)
 ParOldGen       total 103936K, used 103922K [0x0000000080000000, 0x0000000086580000, 0x00000000d5580000)
  object space 103936K, 99% used [0x0000000080000000,0x000000008657ca10,0x0000000086580000)
 Metaspace       used 67918K, committed 69504K, reserved 1114112K
  class space    used 7270K, committed 8000K, reserved 1048576K
}
Event: 60.375 GC heap before
{Heap before GC invocations=99 (full 3):
 PSYoungGen      total 9216K, used 9174K [0x00000000d5580000, 0x00000000d6080000, 0x0000000100000000)
  eden space 8192K, 100% used [0x00000000d5580000,0x00000000d5d80000,0x00000000d5d80000)
  from space 1024K, 95% used [0x00000000d5d80000,0x00000000d5e75808,0x00000000d5e80000)
  to   space 1536K, 0% used [0x00000000d5f00000,0x00000000d5f00000,0x00000000d6080000)
 ParOldGen       total 103936K, used 103922K [0x0000000080000000, 0x0000000086580000, 0x00000000d5580000)
  object space 103936K, 99% used [0x0000000080000000,0x000000008657ca10,0x0000000086580000)
 Metaspace       used 67958K, committed 69568K, reserved 1114112K
  class space    used 7270K, committed 8000K, reserved 1048576K
}
Event: 60.381 GC heap after
{Heap after GC invocations=99 (full 3):
 PSYoungGen      total 9728K, used 1164K [0x00000000d5580000, 0x00000000d6080000, 0x0000000100000000)
  eden space 8192K, 0% used [0x00000000d5580000,0x00000000d5580000,0x00000000d5d80000)
  from space 1536K, 75% used [0x00000000d5f00000,0x00000000d6023008,0x00000000d6080000)
  to   space 1536K, 0% used [0x00000000d5d80000,0x00000000d5d80000,0x00000000d5f00000)
 ParOldGen       total 104960K, used 104778K [0x0000000080000000, 0x0000000086680000, 0x00000000d5580000)
  object space 104960K, 99% used [0x0000000080000000,0x0000000086652a10,0x0000000086680000)
 Metaspace       used 67958K, committed 69568K, reserved 1114112K
  class space    used 7270K, committed 8000K, reserved 1048576K
}
Event: 60.529 GC heap before
{Heap before GC invocations=100 (full 3):
 PSYoungGen      total 9728K, used 9356K [0x00000000d5580000, 0x00000000d6080000, 0x0000000100000000)
  eden space 8192K, 100% used [0x00000000d5580000,0x00000000d5d80000,0x00000000d5d80000)
  from space 1536K, 75% used [0x00000000d5f00000,0x00000000d6023008,0x00000000d6080000)
  to   space 1536K, 0% used [0x00000000d5d80000,0x00000000d5d80000,0x00000000d5f00000)
 ParOldGen       total 104960K, used 104778K [0x0000000080000000, 0x0000000086680000, 0x00000000d5580000)
  object space 104960K, 99% used [0x0000000080000000,0x0000000086652a10,0x0000000086680000)
 Metaspace       used 67999K, committed 69568K, reserved 1114112K
  class space    used 7275K, committed 8000K, reserved 1048576K
}
Event: 60.533 GC heap after
{Heap after GC invocations=100 (full 3):
 PSYoungGen      total 9728K, used 992K [0x00000000d5580000, 0x00000000d6080000, 0x0000000100000000)
  eden space 8192K, 0% used [0x00000000d5580000,0x00000000d5580000,0x00000000d5d80000)
  from space 1536K, 64% used [0x00000000d5d80000,0x00000000d5e78000,0x00000000d5f00000)
  to   space 1536K, 0% used [0x00000000d5f00000,0x00000000d5f00000,0x00000000d6080000)
 ParOldGen       total 105984K, used 105790K [0x0000000080000000, 0x0000000086780000, 0x00000000d5580000)
  object space 105984K, 99% used [0x0000000080000000,0x000000008674fa18,0x0000000086780000)
 Metaspace       used 67999K, committed 69568K, reserved 1114112K
  class space    used 7275K, committed 8000K, reserved 1048576K
}
Event: 60.729 GC heap before
{Heap before GC invocations=101 (full 3):
 PSYoungGen      total 9728K, used 9184K [0x00000000d5580000, 0x00000000d6080000, 0x0000000100000000)
  eden space 8192K, 100% used [0x00000000d5580000,0x00000000d5d80000,0x00000000d5d80000)
  from space 1536K, 64% used [0x00000000d5d80000,0x00000000d5e78000,0x00000000d5f00000)
  to   space 1536K, 0% used [0x00000000d5f00000,0x00000000d5f00000,0x00000000d6080000)
 ParOldGen       total 105984K, used 105790K [0x0000000080000000, 0x0000000086780000, 0x00000000d5580000)
  object space 105984K, 99% used [0x0000000080000000,0x000000008674fa18,0x0000000086780000)
 Metaspace       used 68158K, committed 69760K, reserved 1114112K
  class space    used 7287K, committed 8000K, reserved 1048576K
}
Event: 60.733 GC heap after
{Heap after GC invocations=101 (full 3):
 PSYoungGen      total 8704K, used 448K [0x00000000d5580000, 0x00000000d5f80000, 0x0000000100000000)
  eden space 8192K, 0% used [0x00000000d5580000,0x00000000d5580000,0x00000000d5d80000)
  from space 512K, 87% used [0x00000000d5f00000,0x00000000d5f70000,0x00000000d5f80000)
  to   space 1024K, 0% used [0x00000000d5d80000,0x00000000d5d80000,0x00000000d5e80000)
 ParOldGen       total 107008K, used 106670K [0x0000000080000000, 0x0000000086880000, 0x00000000d5580000)
  object space 107008K, 99% used [0x0000000080000000,0x000000008682ba18,0x0000000086880000)
 Metaspace       used 68158K, committed 69760K, reserved 1114112K
  class space    used 7287K, committed 8000K, reserved 1048576K
}
Event: 60.880 GC heap before
{Heap before GC invocations=102 (full 3):
 PSYoungGen      total 8704K, used 8567K [0x00000000d5580000, 0x00000000d5f80000, 0x0000000100000000)
  eden space 8192K, 99% used [0x00000000d5580000,0x00000000d5d6dc78,0x00000000d5d80000)
  from space 512K, 87% used [0x00000000d5f00000,0x00000000d5f70000,0x00000000d5f80000)
  to   space 1024K, 0% used [0x00000000d5d80000,0x00000000d5d80000,0x00000000d5e80000)
 ParOldGen       total 107008K, used 106670K [0x0000000080000000, 0x0000000086880000, 0x00000000d5580000)
  object space 107008K, 99% used [0x0000000080000000,0x000000008682ba18,0x0000000086880000)
 Metaspace       used 68271K, committed 69824K, reserved 1114112K
  class space    used 7299K, committed 8000K, reserved 1048576K
}
Event: 60.885 GC heap after
{Heap after GC invocations=102 (full 3):
 PSYoungGen      total 9216K, used 1014K [0x00000000d5580000, 0x00000000d5f80000, 0x0000000100000000)
  eden space 8192K, 0% used [0x00000000d5580000,0x00000000d5580000,0x00000000d5d80000)
  from space 1024K, 99% used [0x00000000d5d80000,0x00000000d5e7d808,0x00000000d5e80000)
  to   space 512K, 0% used [0x00000000d5f00000,0x00000000d5f00000,0x00000000d5f80000)
 ParOldGen       total 108544K, used 108311K [0x0000000080000000, 0x0000000086a00000, 0x00000000d5580000)
  object space 108544K, 99% used [0x0000000080000000,0x00000000869c5fd8,0x0000000086a00000)
 Metaspace       used 68271K, committed 69824K, reserved 1114112K
  class space    used 7299K, committed 8000K, reserved 1048576K
}
Event: 61.040 GC heap before
{Heap before GC invocations=103 (full 3):
 PSYoungGen      total 9216K, used 9206K [0x00000000d5580000, 0x00000000d5f80000, 0x0000000100000000)
  eden space 8192K, 100% used [0x00000000d5580000,0x00000000d5d80000,0x00000000d5d80000)
  from space 1024K, 99% used [0x00000000d5d80000,0x00000000d5e7d808,0x00000000d5e80000)
  to   space 512K, 0% used [0x00000000d5f00000,0x00000000d5f00000,0x00000000d5f80000)
 ParOldGen       total 108544K, used 108311K [0x0000000080000000, 0x0000000086a00000, 0x00000000d5580000)
  object space 108544K, 99% used [0x0000000080000000,0x00000000869c5fd8,0x0000000086a00000)
 Metaspace       used 68364K, committed 69952K, reserved 1114112K
  class space    used 7312K, committed 8064K, reserved 1048576K
}
Event: 61.052 GC heap after
{Heap after GC invocations=103 (full 3):
 PSYoungGen      total 9216K, used 9206K [0x00000000d5580000, 0x00000000d5f80000, 0x0000000100000000)
  eden space 8192K, 100% used [0x00000000d5580000,0x00000000d5d80000,0x00000000d5d80000)
  from space 1024K, 99% used [0x00000000d5d80000,0x00000000d5e7d808,0x00000000d5e80000)
  to   space 512K, 100% used [0x00000000d5f00000,0x00000000d5f80000,0x00000000d5f80000)
 ParOldGen       total 111616K, used 111613K [0x0000000080000000, 0x0000000086d00000, 0x00000000d5580000)
  object space 111616K, 99% used [0x0000000080000000,0x0000000086cff428,0x0000000086d00000)
 Metaspace       used 68364K, committed 69952K, reserved 1114112K
  class space    used 7312K, committed 8064K, reserved 1048576K
}
Event: 61.052 GC heap before
{Heap before GC invocations=104 (full 4):
 PSYoungGen      total 9216K, used 9206K [0x00000000d5580000, 0x00000000d5f80000, 0x0000000100000000)
  eden space 8192K, 100% used [0x00000000d5580000,0x00000000d5d80000,0x00000000d5d80000)
  from space 1024K, 99% used [0x00000000d5d80000,0x00000000d5e7d808,0x00000000d5e80000)
  to   space 512K, 100% used [0x00000000d5f00000,0x00000000d5f80000,0x00000000d5f80000)
 ParOldGen       total 111616K, used 111613K [0x0000000080000000, 0x0000000086d00000, 0x00000000d5580000)
  object space 111616K, 99% used [0x0000000080000000,0x0000000086cff428,0x0000000086d00000)
 Metaspace       used 68364K, committed 69952K, reserved 1114112K
  class space    used 7312K, committed 8064K, reserved 1048576K
}
Event: 61.291 GC heap after
{Heap after GC invocations=104 (full 4):
 PSYoungGen      total 7168K, used 0K [0x00000000d5580000, 0x00000000d6380000, 0x0000000100000000)
  eden space 6656K, 0% used [0x00000000d5580000,0x00000000d5580000,0x00000000d5c00000)
  from space 512K, 0% used [0x00000000d5f00000,0x00000000d5f00000,0x00000000d5f80000)
  to   space 3072K, 0% used [0x00000000d5c00000,0x00000000d5c00000,0x00000000d5f00000)
 ParOldGen       total 88576K, used 61411K [0x0000000080000000, 0x0000000085680000, 0x00000000d5580000)
  object space 88576K, 69% used [0x0000000080000000,0x0000000083bf8f00,0x0000000085680000)
 Metaspace       used 67935K, committed 69760K, reserved 1114112K
  class space    used 7271K, committed 8064K, reserved 1048576K
}
Event: 61.534 GC heap before
{Heap before GC invocations=105 (full 4):
 PSYoungGen      total 7168K, used 6645K [0x00000000d5580000, 0x00000000d6380000, 0x0000000100000000)
  eden space 6656K, 99% used [0x00000000d5580000,0x00000000d5bfd4b8,0x00000000d5c00000)
  from space 512K, 0% used [0x00000000d5f00000,0x00000000d5f00000,0x00000000d5f80000)
  to   space 3072K, 0% used [0x00000000d5c00000,0x00000000d5c00000,0x00000000d5f00000)
 ParOldGen       total 88576K, used 61411K [0x0000000080000000, 0x0000000085680000, 0x00000000d5580000)
  object space 88576K, 69% used [0x0000000080000000,0x0000000083bf8f00,0x0000000085680000)
 Metaspace       used 67986K, committed 69760K, reserved 1114112K
  class space    used 7280K, committed 8064K, reserved 1048576K
}
Event: 61.536 GC heap after
{Heap after GC invocations=105 (full 4):
 PSYoungGen      total 7168K, used 416K [0x00000000d5580000, 0x00000000d5f80000, 0x0000000100000000)
  eden space 6656K, 0% used [0x00000000d5580000,0x00000000d5580000,0x00000000d5c00000)
  from space 512K, 81% used [0x00000000d5c00000,0x00000000d5c68020,0x00000000d5c80000)
  to   space 1536K, 0% used [0x00000000d5e00000,0x00000000d5e00000,0x00000000d5f80000)
 ParOldGen       total 88576K, used 61419K [0x0000000080000000, 0x0000000085680000, 0x00000000d5580000)
  object space 88576K, 69% used [0x0000000080000000,0x0000000083bfaf00,0x0000000085680000)
 Metaspace       used 67986K, committed 69760K, reserved 1114112K
  class space    used 7280K, committed 8064K, reserved 1048576K
}
Event: 62.013 GC heap before
{Heap before GC invocations=106 (full 4):
 PSYoungGen      total 7168K, used 7072K [0x00000000d5580000, 0x00000000d5f80000, 0x0000000100000000)
  eden space 6656K, 99% used [0x00000000d5580000,0x00000000d5bffff0,0x00000000d5c00000)
  from space 512K, 81% used [0x00000000d5c00000,0x00000000d5c68020,0x00000000d5c80000)
  to   space 1536K, 0% used [0x00000000d5e00000,0x00000000d5e00000,0x00000000d5f80000)
 ParOldGen       total 88576K, used 61419K [0x0000000080000000, 0x0000000085680000, 0x00000000d5580000)
  object space 88576K, 69% used [0x0000000080000000,0x0000000083bfaf00,0x0000000085680000)
 Metaspace       used 68115K, committed 69760K, reserved 1114112K
  class space    used 7295K, committed 8064K, reserved 1048576K
}
Event: 62.017 GC heap after
{Heap after GC invocations=106 (full 4):
 PSYoungGen      total 7168K, used 1520K [0x00000000d5580000, 0x00000000d6200000, 0x0000000100000000)
  eden space 5632K, 0% used [0x00000000d5580000,0x00000000d5580000,0x00000000d5b00000)
  from space 1536K, 98% used [0x00000000d5e00000,0x00000000d5f7c0f0,0x00000000d5f80000)
  to   space 3072K, 0% used [0x00000000d5b00000,0x00000000d5b00000,0x00000000d5e00000)
 ParOldGen       total 88576K, used 62232K [0x0000000080000000, 0x0000000085680000, 0x00000000d5580000)
  object space 88576K, 70% used [0x0000000080000000,0x0000000083cc6110,0x0000000085680000)
 Metaspace       used 68115K, committed 69760K, reserved 1114112K
  class space    used 7295K, committed 8064K, reserved 1048576K
}

